Directory: /lfs/h2/emc/da/noscrub/Hyundeok.Choi/obsForge_realtime/COMROOT/realtime/gdas.20260602/06/atmos
FILE NAME                                     | GENERATED FILE                                | N_OBS
------------------------------------------------------------------------------------------------------------
gdas.t06z.gnssro_cosmic2.nc                   | gdas.t06z.gnssro_cosmic2.nc                   | 439800
gdas.t06z.gnssro_geooptics.nc                 | gdas.t06z.gnssro_geooptics.nc                 | 0
gdas.t06z.gnssro_grace.nc                     | gdas.t06z.gnssro_grace.nc                     | 16800
gdas.t06z.gnssro_kompsat5.nc                  | gdas.t06z.gnssro_kompsat5.nc                  | 3000
gdas.t06z.gnssro_metop.nc                     | gdas.t06z.gnssro_metop.nc                     | 82200
gdas.t06z.gnssro_paz.nc                       | gdas.t06z.gnssro_paz.nc                       | 7500
gdas.t06z.gnssro_planetiq.nc                  | gdas.t06z.gnssro_planetiq.nc                  | 386700
gdas.t06z.gnssro_sentinel6.nc                 | gdas.t06z.gnssro_sentinel6.nc                 | 93600
gdas.t06z.gnssro_spire.nc                     | gdas.t06z.gnssro_spire.nc                     | 391800
gdas.t06z.gnssro_tandemx.nc                   | gdas.t06z.gnssro_tandemx.nc                   | 4500
gdas.t06z.gnssro_terrasarx.nc                 | gdas.t06z.gnssro_terrasarx.nc                 | 13200
gdas.t06z.prepbufr_adpsfc.nc                  | gdas.t06z.prepbufr_adpsfc.nc                  | 166622
gdas.t06z.prepbufr_adpupa.nc                  | gdas.t06z.prepbufr_adpupa.nc                  | 26775
gdas.t06z.prepbufr_aircraft.nc                | gdas.t06z.prepbufr_aircraft.nc                | 4813547
gdas.t06z.prepbufr_aircraft_profiles.nc       |                                               | 0
gdas.t06z.prepbufr_sfcshp.nc                  | gdas.t06z.prepbufr_sfcshp.nc                  | 60100
gdas.t06z.radiance_amsua_metop-a.nc           | gdas.t06z.radiance_amsua_metop-a.nc           | 0
gdas.t06z.radiance_amsua_metop-b.nc           | gdas.t06z.radiance_amsua_metop-b.nc           | 136466
gdas.t06z.radiance_amsua_metop-c.nc           | gdas.t06z.radiance_amsua_metop-c.nc           | 114809
gdas.t06z.radiance_amsua_n18.nc               | gdas.t06z.radiance_amsua_n18.nc               | 0
gdas.t06z.radiance_amsua_n19.nc               | gdas.t06z.radiance_amsua_n19.nc               | 0
gdas.t06z.radiance_atms_n20.nc                | gdas.t06z.radiance_atms_n20.nc                | 777600
gdas.t06z.radiance_atms_n21.nc                | gdas.t06z.radiance_atms_n21.nc                | 777600
gdas.t06z.radiance_atms_npp.nc                | gdas.t06z.radiance_atms_npp.nc                | 0
gdas.t06z.radiance_cris_fsr_n20.nc            | gdas.t06z.radiance_cris_fsr_n20.nc            | 729000
gdas.t06z.radiance_cris_fsr_n21.nc            | gdas.t06z.radiance_cris_fsr_n21.nc            | 729000
gdas.t06z.radiance_cris_fsr_npp.nc            | gdas.t06z.radiance_cris_fsr_npp.nc            | 0
gdas.t06z.radiance_iasi_metop-a.nc            | gdas.t06z.radiance_iasi_metop-a.nc            | 0
gdas.t06z.radiance_iasi_metop-b.nc            | gdas.t06z.radiance_iasi_metop-b.nc            | 324000
gdas.t06z.radiance_iasi_metop-c.nc            | gdas.t06z.radiance_iasi_metop-c.nc            | 324000
gdas.t06z.radiance_mhs_metop-a.nc             | gdas.t06z.radiance_mhs_metop-a.nc             | 0
gdas.t06z.radiance_mhs_metop-b.nc             | gdas.t06z.radiance_mhs_metop-b.nc             | 1192197
gdas.t06z.radiance_mhs_metop-c.nc             | gdas.t06z.radiance_mhs_metop-c.nc             | 1145741
gdas.t06z.radiance_mhs_n18.nc                 | gdas.t06z.radiance_mhs_n18.nc                 | 0
gdas.t06z.radiance_mhs_n19.nc                 | gdas.t06z.radiance_mhs_n19.nc                 | 0
gdas.t06z.radiance_ssmis_f16.nc               | gdas.t06z.radiance_ssmis_f16.nc               | 0
gdas.t06z.radiance_ssmis_f17.nc               | gdas.t06z.radiance_ssmis_f17.nc               | 467640
gdas.t06z.radiance_ssmis_f18.nc               | gdas.t06z.radiance_ssmis_f18.nc               | 639300
gdas.t06z.retrieval_amv_abi_goes-16.nc        | gdas.t06z.retrieval_amv_abi_goes-16.nc        | 0
gdas.t06z.retrieval_amv_abi_goes-17.nc        | gdas.t06z.retrieval_amv_abi_goes-17.nc        | 0
gdas.t06z.retrieval_amv_abi_goes-18.nc        | gdas.t06z.retrieval_amv_abi_goes-18.nc        | 612737
gdas.t06z.retrieval_amv_abi_goes-19.nc        | gdas.t06z.retrieval_amv_abi_goes-19.nc        | 454173
gdas.t06z.retrieval_amv_ahi_h8.nc             | gdas.t06z.retrieval_amv_ahi_h8.nc             | 0
gdas.t06z.retrieval_amv_ahi_h9.nc             | gdas.t06z.retrieval_amv_ahi_h9.nc             | 134335
gdas.t06z.retrieval_amv_avhrr_metop-a.nc      | gdas.t06z.retrieval_amv_avhrr_metop-a.nc      | 0
gdas.t06z.retrieval_amv_avhrr_metop-b.nc      | gdas.t06z.retrieval_amv_avhrr_metop-b.nc      | 33502
gdas.t06z.retrieval_amv_avhrr_metop-c.nc      | gdas.t06z.retrieval_amv_avhrr_metop-c.nc      | 40201
gdas.t06z.retrieval_amv_avhrr_n15.nc          | gdas.t06z.retrieval_amv_avhrr_n15.nc          | 0
gdas.t06z.retrieval_amv_avhrr_n18.nc          | gdas.t06z.retrieval_amv_avhrr_n18.nc          | 0
gdas.t06z.retrieval_amv_avhrr_n19.nc          | gdas.t06z.retrieval_amv_avhrr_n19.nc          | 0
gdas.t06z.retrieval_amv_modis_aqua.nc         | gdas.t06z.retrieval_amv_modis_aqua.nc         | 0
gdas.t06z.retrieval_amv_modis_terra.nc        | gdas.t06z.retrieval_amv_modis_terra.nc        | 0
gdas.t06z.retrieval_amv_seviri_m10.nc         | gdas.t06z.retrieval_amv_seviri_m10.nc         | 239723
gdas.t06z.retrieval_amv_seviri_m11.nc         | gdas.t06z.retrieval_amv_seviri_m11.nc         | 0
gdas.t06z.retrieval_amv_seviri_m8.nc          | gdas.t06z.retrieval_amv_seviri_m8.nc          | 0
gdas.t06z.retrieval_amv_seviri_m9.nc          | gdas.t06z.retrieval_amv_seviri_m9.nc          | 313733
gdas.t06z.retrieval_amv_viirs_n20.nc          | gdas.t06z.retrieval_amv_viirs_n20.nc          | 42102
gdas.t06z.retrieval_amv_viirs_n21.nc          | gdas.t06z.retrieval_amv_viirs_n21.nc          | 39838
gdas.t06z.retrieval_amv_viirs_npp.nc          | gdas.t06z.retrieval_amv_viirs_npp.nc          | 0
gdas.t06z.retrieval_osw_ascat_metop-a.nc      | gdas.t06z.retrieval_osw_ascat_metop-a.nc      | 0
gdas.t06z.retrieval_osw_ascat_metop-b.nc      | gdas.t06z.retrieval_osw_ascat_metop-b.nc      | 114190
gdas.t06z.retrieval_osw_ascat_metop-c.nc      | gdas.t06z.retrieval_osw_ascat_metop-c.nc      | 119157
gdas.t06z.retrieval_ozone_omi_aura.nc         | gdas.t06z.retrieval_ozone_omi_aura.nc         | 0
gdas.t06z.retrieval_ozone_ompsnp_n20.nc       | gdas.t06z.retrieval_ozone_ompsnp_n20.nc       | 31290
gdas.t06z.retrieval_ozone_ompsnp_n21.nc       | gdas.t06z.retrieval_ozone_ompsnp_n21.nc       | 31983
gdas.t06z.retrieval_ozone_ompsnp_npp.nc       | gdas.t06z.retrieval_ozone_ompsnp_npp.nc       | 0
gdas.t06z.retrieval_ozone_ompstc_n20.nc       | gdas.t06z.retrieval_ozone_ompstc_n20.nc       | 633145
gdas.t06z.retrieval_ozone_ompstc_n21.nc       | gdas.t06z.retrieval_ozone_ompstc_n21.nc       | 1649817
gdas.t06z.retrieval_ozone_ompstc_npp.nc       | gdas.t06z.retrieval_ozone_ompstc_npp.nc       | 0

Directory: /lfs/h2/emc/da/noscrub/Hyundeok.Choi/obsForge_realtime/COMROOT/realtime/gdas.20260602/06/ocean/adt
FILE NAME                                     | GENERATED FILE                                | N_OBS
------------------------------------------------------------------------------------------------------------
gdas.t06z.rads_adt_3a.nc                      | gdas.t06z.rads_adt_3a.nc                      | 27646
gdas.t06z.rads_adt_3b.nc                      | gdas.t06z.rads_adt_3b.nc                      | 33902
gdas.t06z.rads_adt_6a.nc                      | gdas.t06z.rads_adt_6a.nc                      | 105950
gdas.t06z.rads_adt_c2.nc                      | gdas.t06z.rads_adt_c2.nc                      | 52702
gdas.t06z.rads_adt_j2.nc                      |                                               | 0
gdas.t06z.rads_adt_j3.nc                      | gdas.t06z.rads_adt_j3.nc                      | 106780
gdas.t06z.rads_adt_sa.nc                      | gdas.t06z.rads_adt_sa.nc                      | 53109
gdas.t06z.rads_adt_sw.nc                      | gdas.t06z.rads_adt_sw.nc                      | 88272

Directory: /lfs/h2/emc/da/noscrub/Hyundeok.Choi/obsForge_realtime/COMROOT/realtime/gdas.20260602/06/ocean/icec
FILE NAME                                     | GENERATED FILE                                | N_OBS
------------------------------------------------------------------------------------------------------------
gdas.t06z.icec_amsr2_north.nc                 | gdas.t06z.icec_amsr2_north.nc                 | 649883
gdas.t06z.icec_amsr2_south.nc                 | gdas.t06z.icec_amsr2_south.nc                 | 817385
gdas.t06z.icec_amsu_ma1_l2.nc                 | gdas.t06z.icec_amsu_ma1_l2.nc                 | 258039
gdas.t06z.icec_atms_n20_l2.nc                 | gdas.t06z.icec_atms_n20_l2.nc                 | 247841
gdas.t06z.icec_atms_n21_l2.nc                 | gdas.t06z.icec_atms_n21_l2.nc                 | 264051
gdas.t06z.icec_atms_npp_l2.nc                 |                                               | 0
gdas.t06z.icec_viirs_j01_l2.nc                | gdas.t06z.icec_viirs_j01_l2.nc                | 5515035
gdas.t06z.icec_viirs_n21_l2.nc                | gdas.t06z.icec_viirs_n21_l2.nc                | 7461151
gdas.t06z.icec_viirs_npp_l2.nc                |                                               | 0

Directory: /lfs/h2/emc/da/noscrub/Hyundeok.Choi/obsForge_realtime/COMROOT/realtime/gdas.20260602/06/ocean/insitu
FILE NAME                                     | GENERATED FILE                                | N_OBS
------------------------------------------------------------------------------------------------------------
gdas.t06z.insitu_salt_profile_argo.nc         | gdas.t06z.insitu_salt_profile_argo.nc         | 405640
gdas.t06z.insitu_salt_profile_glider.nc       | gdas.t06z.insitu_salt_profile_glider.nc       | 3445
gdas.t06z.insitu_salt_profile_pirata.nc       | gdas.t06z.insitu_salt_profile_pirata.nc       | 155
gdas.t06z.insitu_salt_profile_rama.nc         | gdas.t06z.insitu_salt_profile_rama.nc         | 94
gdas.t06z.insitu_salt_profile_taotriton.nc    | gdas.t06z.insitu_salt_profile_taotriton.nc    | 2529
gdas.t06z.insitu_salt_profile_tesac.nc        | gdas.t06z.insitu_salt_profile_tesac.nc        | 2463
gdas.t06z.insitu_salt_surface_trkob.nc        | gdas.t06z.insitu_salt_surface_trkob.nc        | 0
gdas.t06z.insitu_temp_profile_argo.nc         | gdas.t06z.insitu_temp_profile_argo.nc         | 405640
gdas.t06z.insitu_temp_profile_bathy.nc        | gdas.t06z.insitu_temp_profile_bathy.nc        | 22399
gdas.t06z.insitu_temp_profile_glider.nc       | gdas.t06z.insitu_temp_profile_glider.nc       | 3445
gdas.t06z.insitu_temp_profile_pirata.nc       | gdas.t06z.insitu_temp_profile_pirata.nc       | 315
gdas.t06z.insitu_temp_profile_rama.nc         | gdas.t06z.insitu_temp_profile_rama.nc         | 203
gdas.t06z.insitu_temp_profile_taotriton.nc    | gdas.t06z.insitu_temp_profile_taotriton.nc    | 15745
gdas.t06z.insitu_temp_profile_tesac.nc        | gdas.t06z.insitu_temp_profile_tesac.nc        | 2463
gdas.t06z.insitu_temp_surface_drifter.nc      | gdas.t06z.insitu_temp_surface_drifter.nc      | 7742
gdas.t06z.insitu_temp_surface_ndbc.nc         | gdas.t06z.insitu_temp_surface_ndbc.nc         | 5347
gdas.t06z.insitu_temp_surface_trkob.nc        | gdas.t06z.insitu_temp_surface_trkob.nc        | 0

Directory: /lfs/h2/emc/da/noscrub/Hyundeok.Choi/obsForge_realtime/COMROOT/realtime/gdas.20260602/06/ocean/sss
FILE NAME                                     | GENERATED FILE                                | N_OBS
------------------------------------------------------------------------------------------------------------
gdas.t06z.sss_smap_l2.nc                      |                                               | 0
gdas.t06z.sss_smos_l2.nc                      | gdas.t06z.sss_smos_l2.nc                      | 243989

Directory: /lfs/h2/emc/da/noscrub/Hyundeok.Choi/obsForge_realtime/COMROOT/realtime/gdas.20260602/06/ocean/sst
FILE NAME                                     | GENERATED FILE                                | N_OBS
------------------------------------------------------------------------------------------------------------
gdas.t06z.sst_avhrrf_ma_l3u.nc                |                                               | 0
gdas.t06z.sst_avhrrf_mb_l3u.nc                | gdas.t06z.sst_avhrrf_mb_l3u.nc                | 104182
gdas.t06z.sst_avhrrf_mc_l3u.nc                | gdas.t06z.sst_avhrrf_mc_l3u.nc                | 106308
gdas.t06z.sst_viirs_n20_l3u.nc                | gdas.t06z.sst_viirs_n20_l3u.nc                | 105729
gdas.t06z.sst_viirs_n21_l3u.nc                | gdas.t06z.sst_viirs_n21_l3u.nc                | 108431
gdas.t06z.sst_viirs_npp_l3u.nc                |                                               | 0
gdas.t06z.sst_ahi_h08_l3c.nc                  |                                               | 0
gdas.t06z.sst_abi_g16_l3c.nc                  |                                               | 0
gdas.t06z.sst_abi_g17_l3c.nc                  |                                               | 0
gdas.t06z.sst_abi_g18_13c.nc                  |                                               | 0

Directory: /lfs/h2/emc/da/noscrub/Hyundeok.Choi/obsForge_realtime/COMROOT/realtime/gcdas.20260602/06/chem
FILE NAME                                     | GENERATED FILE                                | N_OBS
------------------------------------------------------------------------------------------------------------
gcdas.t06z.retrieval_aod_viirs_n20.nc         | gcdas.t06z.retrieval_aod_viirs_n20.nc         | 80419
gcdas.t06z.retrieval_aod_viirs_n21.nc         | gcdas.t06z.retrieval_aod_viirs_n21.nc         | 75402
gcdas.t06z.retrieval_aod_viirs_npp.nc         |                                               | 0

